{"timestamp":"2026-05-07T09:11:37.197Z","event":"server_started","url":"http://127.0.0.1:3456","apiVersion":"2026-04"}
{"timestamp":"2026-05-08T04:25:21.158Z","event":"server_started","url":"http://127.0.0.1:3456","apiVersion":"2026-04"}
{"timestamp":"2026-05-08T04:26:06.616Z","event":"import_plan_saved","importPlanId":"9407f8c5-46a2-4578-8009-6da621c83778","sourceFileName":"sale.order.csv","csvBytes":3392,"totalOrders":4,"batchCount":1}
{"timestamp":"2026-05-08T04:31:03.966Z","event":"import_plan_saved","importPlanId":"eec3ecf2-2348-492e-9bb6-aaf44723a639","sourceFileName":"sale.order.csv","csvBytes":3392,"totalOrders":4,"batchCount":1}
{"timestamp":"2026-05-08T04:31:11.306Z","event":"import_job_started","jobId":"899cd50b-eaf9-4eee-8335-8cf2a5f4420a","shopDomain":"quickstart-19e57924.myshopify.com","uploadedCsvBytes":3392,"batchLabel":"Batch 1"}
{"timestamp":"2026-05-08T04:31:11.726Z","event":"import_job_prepared","jobId":"899cd50b-eaf9-4eee-8335-8cf2a5f4420a","shopDomain":"quickstart-19e57924.myshopify.com","totalOrders":4,"pendingOrders":4,"alreadyProcessedOrders":0,"requestedOrders":4,"batchLabel":"Batch 1","stats":{"ordersParsed":4,"matrixifyRowsWritten":10,"ordersWithMissingTotal":0,"ordersWithNormalizedPhone":2,"ordersWithQuantityAssumptions":0}}
{"timestamp":"2026-05-08T04:31:11.729Z","event":"import_order_started","jobId":"899cd50b-eaf9-4eee-8335-8cf2a5f4420a","shopDomain":"quickstart-19e57924.myshopify.com","orderReference":"SO22247"}
{"timestamp":"2026-05-08T04:31:12.935Z","event":"import_order_completed","jobId":"899cd50b-eaf9-4eee-8335-8cf2a5f4420a","shopDomain":"quickstart-19e57924.myshopify.com","orderReference":"SO22247","action":"CREATE","status":"created","shopifyOrderId":"gid://shopify/Order/6567069745370","shopifyOrderName":"SO22247"}
{"timestamp":"2026-05-08T04:31:12.938Z","event":"import_order_started","jobId":"899cd50b-eaf9-4eee-8335-8cf2a5f4420a","shopDomain":"quickstart-19e57924.myshopify.com","orderReference":"SO22220"}
{"timestamp":"2026-05-08T04:31:13.388Z","event":"shopify_order_create_pacing_wait","jobId":"899cd50b-eaf9-4eee-8335-8cf2a5f4420a","shopDomain":"quickstart-19e57924.myshopify.com","orderReference":"SO22220","waitMs":11788}
{"timestamp":"2026-05-08T04:31:26.936Z","event":"import_order_completed","jobId":"899cd50b-eaf9-4eee-8335-8cf2a5f4420a","shopDomain":"quickstart-19e57924.myshopify.com","orderReference":"SO22220","action":"CREATE","status":"created","shopifyOrderId":"gid://shopify/Order/6567069876442","shopifyOrderName":"SO22220"}
{"timestamp":"2026-05-08T04:31:26.938Z","event":"import_order_started","jobId":"899cd50b-eaf9-4eee-8335-8cf2a5f4420a","shopDomain":"quickstart-19e57924.myshopify.com","orderReference":"SO22229"}
{"timestamp":"2026-05-08T04:31:27.473Z","event":"shopify_order_create_pacing_wait","jobId":"899cd50b-eaf9-4eee-8335-8cf2a5f4420a","shopDomain":"quickstart-19e57924.myshopify.com","orderReference":"SO22229","waitMs":10707}
{"timestamp":"2026-05-08T04:31:38.966Z","event":"import_order_completed","jobId":"899cd50b-eaf9-4eee-8335-8cf2a5f4420a","shopDomain":"quickstart-19e57924.myshopify.com","orderReference":"SO22229","action":"CREATE","status":"created","shopifyOrderId":"gid://shopify/Order/6567070105818","shopifyOrderName":"SO22229"}
{"timestamp":"2026-05-08T04:31:38.969Z","event":"import_order_started","jobId":"899cd50b-eaf9-4eee-8335-8cf2a5f4420a","shopDomain":"quickstart-19e57924.myshopify.com","orderReference":"SO22246"}
{"timestamp":"2026-05-08T04:31:39.436Z","event":"shopify_order_create_pacing_wait","jobId":"899cd50b-eaf9-4eee-8335-8cf2a5f4420a","shopDomain":"quickstart-19e57924.myshopify.com","orderReference":"SO22246","waitMs":11755}
{"timestamp":"2026-05-08T04:31:52.095Z","event":"import_order_completed","jobId":"899cd50b-eaf9-4eee-8335-8cf2a5f4420a","shopDomain":"quickstart-19e57924.myshopify.com","orderReference":"SO22246","action":"CREATE","status":"created","shopifyOrderId":"gid://shopify/Order/6567070236890","shopifyOrderName":"SO22246"}
{"timestamp":"2026-05-08T04:31:52.098Z","event":"import_job_completed","jobId":"899cd50b-eaf9-4eee-8335-8cf2a5f4420a","shopDomain":"quickstart-19e57924.myshopify.com","summary":{"totalOrders":4,"processedOrders":4,"createdOrders":4,"updatedOrders":0,"failedOrders":0}}
{"timestamp":"2026-05-08T04:45:47.360Z","event":"server_started","url":"http://127.0.0.1:3456","apiVersion":"2026-04"}
{"timestamp":"2026-05-08T04:47:43.766Z","event":"server_started","url":"http://127.0.0.1:3456","apiVersion":"2026-04"}
{"timestamp":"2026-05-08T04:47:53.038Z","event":"persisted_import_data_cleared","jobsDir":"E:\\oddo_to_shopify\\jobs","importPlansDir":"E:\\oddo_to_shopify\\import-plans"}
{"timestamp":"2026-05-08T04:51:00.855Z","event":"import_plan_saved","importPlanId":"61bbc8ed-cde5-407b-9be0-0fe50ce94e04","sourceFileName":"sale.order.csv","csvBytes":3670,"totalOrders":4,"batchCount":1}
{"timestamp":"2026-05-08T04:51:02.034Z","event":"import_job_started","jobId":"196195a6-a854-4744-8d3e-e6990da26b63","shopDomain":"quickstart-19e57924.myshopify.com","uploadedCsvBytes":3670,"batchLabel":"Batch 1"}
{"timestamp":"2026-05-08T04:51:02.454Z","event":"import_job_prepared","jobId":"196195a6-a854-4744-8d3e-e6990da26b63","shopDomain":"quickstart-19e57924.myshopify.com","totalOrders":4,"pendingOrders":4,"alreadyProcessedOrders":0,"requestedOrders":4,"batchLabel":"Batch 1","stats":{"ordersParsed":4,"matrixifyRowsWritten":10,"ordersWithMissingTotal":0,"ordersWithNormalizedPhone":2,"ordersWithQuantityAssumptions":0}}
{"timestamp":"2026-05-08T04:51:02.457Z","event":"import_order_started","jobId":"196195a6-a854-4744-8d3e-e6990da26b63","shopDomain":"quickstart-19e57924.myshopify.com","orderReference":"SO22247"}
{"timestamp":"2026-05-08T04:51:03.319Z","event":"shopify_order_update_user_errors","shopDomain":"quickstart-19e57924.myshopify.com","action":"UPDATE_ORDER","jobId":"196195a6-a854-4744-8d3e-e6990da26b63","orderReference":"SO22247","userErrors":[{"field":["shippingAddress","country"],"message":"Select a country/region"},{"field":["shippingAddress","zip"],"message":"Enter a postal code"},{"field":["shippingAddress","city"],"message":"Enter a city"}]}
{"timestamp":"2026-05-08T04:51:03.321Z","event":"import_order_failed","jobId":"196195a6-a854-4744-8d3e-e6990da26b63","shopDomain":"quickstart-19e57924.myshopify.com","orderReference":"SO22247","message":"Select a country/region; Enter a postal code; Enter a city"}
{"timestamp":"2026-05-08T04:51:03.325Z","event":"import_order_started","jobId":"196195a6-a854-4744-8d3e-e6990da26b63","shopDomain":"quickstart-19e57924.myshopify.com","orderReference":"SO22220"}
{"timestamp":"2026-05-08T04:51:04.201Z","event":"shopify_order_update_user_errors","shopDomain":"quickstart-19e57924.myshopify.com","action":"UPDATE_ORDER","jobId":"196195a6-a854-4744-8d3e-e6990da26b63","orderReference":"SO22220","userErrors":[{"field":["shippingAddress","country"],"message":"Select a country/region"},{"field":["shippingAddress","zip"],"message":"Enter a postal code"},{"field":["shippingAddress","city"],"message":"Enter a city"}]}
{"timestamp":"2026-05-08T04:51:04.202Z","event":"import_order_failed","jobId":"196195a6-a854-4744-8d3e-e6990da26b63","shopDomain":"quickstart-19e57924.myshopify.com","orderReference":"SO22220","message":"Select a country/region; Enter a postal code; Enter a city"}
{"timestamp":"2026-05-08T04:51:04.208Z","event":"import_order_started","jobId":"196195a6-a854-4744-8d3e-e6990da26b63","shopDomain":"quickstart-19e57924.myshopify.com","orderReference":"SO22229"}
{"timestamp":"2026-05-08T04:51:05.091Z","event":"shopify_order_update_user_errors","shopDomain":"quickstart-19e57924.myshopify.com","action":"UPDATE_ORDER","jobId":"196195a6-a854-4744-8d3e-e6990da26b63","orderReference":"SO22229","userErrors":[{"field":["shippingAddress","country"],"message":"Select a country/region"},{"field":["shippingAddress","zip"],"message":"Enter a postal code"},{"field":["shippingAddress","city"],"message":"Enter a city"}]}
{"timestamp":"2026-05-08T04:51:05.092Z","event":"import_order_failed","jobId":"196195a6-a854-4744-8d3e-e6990da26b63","shopDomain":"quickstart-19e57924.myshopify.com","orderReference":"SO22229","message":"Select a country/region; Enter a postal code; Enter a city"}
{"timestamp":"2026-05-08T04:51:05.095Z","event":"import_order_started","jobId":"196195a6-a854-4744-8d3e-e6990da26b63","shopDomain":"quickstart-19e57924.myshopify.com","orderReference":"SO22246"}
{"timestamp":"2026-05-08T04:51:05.968Z","event":"shopify_order_update_user_errors","shopDomain":"quickstart-19e57924.myshopify.com","action":"UPDATE_ORDER","jobId":"196195a6-a854-4744-8d3e-e6990da26b63","orderReference":"SO22246","userErrors":[{"field":["shippingAddress","country"],"message":"Select a country/region"},{"field":["shippingAddress","zip"],"message":"Enter a postal code"},{"field":["shippingAddress","city"],"message":"Enter a city"}]}
{"timestamp":"2026-05-08T04:51:05.969Z","event":"import_order_failed","jobId":"196195a6-a854-4744-8d3e-e6990da26b63","shopDomain":"quickstart-19e57924.myshopify.com","orderReference":"SO22246","message":"Select a country/region; Enter a postal code; Enter a city"}
{"timestamp":"2026-05-08T04:51:05.974Z","event":"import_job_completed","jobId":"196195a6-a854-4744-8d3e-e6990da26b63","shopDomain":"quickstart-19e57924.myshopify.com","summary":{"totalOrders":4,"processedOrders":4,"createdOrders":0,"updatedOrders":0,"failedOrders":4}}
{"timestamp":"2026-05-08T04:53:36.293Z","event":"server_started","url":"http://127.0.0.1:3456","apiVersion":"2026-04"}
{"timestamp":"2026-05-08T04:53:55.524Z","event":"persisted_import_data_cleared","jobsDir":"E:\\oddo_to_shopify\\jobs","importPlansDir":"E:\\oddo_to_shopify\\import-plans"}
{"timestamp":"2026-05-08T04:54:20.821Z","event":"import_plan_saved","importPlanId":"92dfe095-2a8d-46af-9a43-633c6caa525b","sourceFileName":"sale.order.csv","csvBytes":3670,"totalOrders":4,"batchCount":1}
{"timestamp":"2026-05-08T04:54:24.963Z","event":"import_job_started","jobId":"ee07cc21-1b2a-46cc-a6ae-0ddc0cf6ef02","shopDomain":"quickstart-19e57924.myshopify.com","uploadedCsvBytes":3670,"batchLabel":"Batch 1"}
{"timestamp":"2026-05-08T04:54:25.400Z","event":"import_job_prepared","jobId":"ee07cc21-1b2a-46cc-a6ae-0ddc0cf6ef02","shopDomain":"quickstart-19e57924.myshopify.com","totalOrders":4,"pendingOrders":4,"alreadyProcessedOrders":0,"requestedOrders":4,"batchLabel":"Batch 1","stats":{"ordersParsed":4,"matrixifyRowsWritten":10,"ordersWithMissingTotal":0,"ordersWithNormalizedPhone":2,"ordersWithQuantityAssumptions":0}}
{"timestamp":"2026-05-08T04:54:25.403Z","event":"import_order_started","jobId":"ee07cc21-1b2a-46cc-a6ae-0ddc0cf6ef02","shopDomain":"quickstart-19e57924.myshopify.com","orderReference":"SO22247"}
{"timestamp":"2026-05-08T04:54:26.437Z","event":"shopify_order_update_user_errors","shopDomain":"quickstart-19e57924.myshopify.com","action":"UPDATE_ORDER","jobId":"ee07cc21-1b2a-46cc-a6ae-0ddc0cf6ef02","orderReference":"SO22247","userErrors":[{"field":["shippingAddress","country"],"message":"Select a country/region"},{"field":["shippingAddress","zip"],"message":"Enter a postal code"},{"field":["shippingAddress","city"],"message":"Enter a city"}]}
{"timestamp":"2026-05-08T04:54:26.439Z","event":"import_order_failed","jobId":"ee07cc21-1b2a-46cc-a6ae-0ddc0cf6ef02","shopDomain":"quickstart-19e57924.myshopify.com","orderReference":"SO22247","message":"Select a country/region; Enter a postal code; Enter a city"}
{"timestamp":"2026-05-08T04:54:26.445Z","event":"import_order_started","jobId":"ee07cc21-1b2a-46cc-a6ae-0ddc0cf6ef02","shopDomain":"quickstart-19e57924.myshopify.com","orderReference":"SO22220"}
{"timestamp":"2026-05-08T04:54:27.318Z","event":"shopify_order_update_user_errors","shopDomain":"quickstart-19e57924.myshopify.com","action":"UPDATE_ORDER","jobId":"ee07cc21-1b2a-46cc-a6ae-0ddc0cf6ef02","orderReference":"SO22220","userErrors":[{"field":["shippingAddress","country"],"message":"Select a country/region"},{"field":["shippingAddress","zip"],"message":"Enter a postal code"},{"field":["shippingAddress","city"],"message":"Enter a city"}]}
{"timestamp":"2026-05-08T04:54:27.319Z","event":"import_order_failed","jobId":"ee07cc21-1b2a-46cc-a6ae-0ddc0cf6ef02","shopDomain":"quickstart-19e57924.myshopify.com","orderReference":"SO22220","message":"Select a country/region; Enter a postal code; Enter a city"}
{"timestamp":"2026-05-08T04:54:27.325Z","event":"import_order_started","jobId":"ee07cc21-1b2a-46cc-a6ae-0ddc0cf6ef02","shopDomain":"quickstart-19e57924.myshopify.com","orderReference":"SO22229"}
{"timestamp":"2026-05-08T04:54:28.127Z","event":"shopify_order_update_user_errors","shopDomain":"quickstart-19e57924.myshopify.com","action":"UPDATE_ORDER","jobId":"ee07cc21-1b2a-46cc-a6ae-0ddc0cf6ef02","orderReference":"SO22229","userErrors":[{"field":["shippingAddress","country"],"message":"Select a country/region"},{"field":["shippingAddress","zip"],"message":"Enter a postal code"},{"field":["shippingAddress","city"],"message":"Enter a city"}]}
{"timestamp":"2026-05-08T04:54:28.128Z","event":"import_order_failed","jobId":"ee07cc21-1b2a-46cc-a6ae-0ddc0cf6ef02","shopDomain":"quickstart-19e57924.myshopify.com","orderReference":"SO22229","message":"Select a country/region; Enter a postal code; Enter a city"}
{"timestamp":"2026-05-08T04:54:28.131Z","event":"import_order_started","jobId":"ee07cc21-1b2a-46cc-a6ae-0ddc0cf6ef02","shopDomain":"quickstart-19e57924.myshopify.com","orderReference":"SO22246"}
{"timestamp":"2026-05-08T04:54:28.939Z","event":"shopify_order_update_user_errors","shopDomain":"quickstart-19e57924.myshopify.com","action":"UPDATE_ORDER","jobId":"ee07cc21-1b2a-46cc-a6ae-0ddc0cf6ef02","orderReference":"SO22246","userErrors":[{"field":["shippingAddress","country"],"message":"Select a country/region"},{"field":["shippingAddress","zip"],"message":"Enter a postal code"},{"field":["shippingAddress","city"],"message":"Enter a city"}]}
{"timestamp":"2026-05-08T04:54:28.940Z","event":"import_order_failed","jobId":"ee07cc21-1b2a-46cc-a6ae-0ddc0cf6ef02","shopDomain":"quickstart-19e57924.myshopify.com","orderReference":"SO22246","message":"Select a country/region; Enter a postal code; Enter a city"}
{"timestamp":"2026-05-08T04:54:28.947Z","event":"import_job_completed","jobId":"ee07cc21-1b2a-46cc-a6ae-0ddc0cf6ef02","shopDomain":"quickstart-19e57924.myshopify.com","summary":{"totalOrders":4,"processedOrders":4,"createdOrders":0,"updatedOrders":0,"failedOrders":4}}
{"timestamp":"2026-05-08T04:55:10.845Z","event":"persisted_import_data_cleared","jobsDir":"E:\\oddo_to_shopify\\jobs","importPlansDir":"E:\\oddo_to_shopify\\import-plans"}
{"timestamp":"2026-05-08T04:56:41.409Z","event":"server_started","url":"http://127.0.0.1:3456","apiVersion":"2026-04"}
{"timestamp":"2026-05-08T04:57:19.411Z","event":"import_plan_saved","importPlanId":"fd91c24c-5dee-464f-86d4-a62e4d47686f","sourceFileName":"sale.order (1).csv","csvBytes":3231,"totalOrders":4,"batchCount":1}
{"timestamp":"2026-05-08T04:57:20.925Z","event":"import_job_started","jobId":"54bff822-7dbf-4200-805d-c865b1839437","shopDomain":"quickstart-19e57924.myshopify.com","uploadedCsvBytes":3231,"batchLabel":"Batch 1"}
{"timestamp":"2026-05-08T04:57:21.422Z","event":"import_job_prepared","jobId":"54bff822-7dbf-4200-805d-c865b1839437","shopDomain":"quickstart-19e57924.myshopify.com","totalOrders":4,"pendingOrders":4,"alreadyProcessedOrders":0,"requestedOrders":4,"batchLabel":"Batch 1","stats":{"ordersParsed":4,"matrixifyRowsWritten":8,"ordersWithMissingTotal":0,"ordersWithNormalizedPhone":4,"ordersWithQuantityAssumptions":0}}
{"timestamp":"2026-05-08T04:57:21.427Z","event":"import_order_started","jobId":"54bff822-7dbf-4200-805d-c865b1839437","shopDomain":"quickstart-19e57924.myshopify.com","orderReference":"SO22245"}
{"timestamp":"2026-05-08T04:57:23.479Z","event":"import_order_completed","jobId":"54bff822-7dbf-4200-805d-c865b1839437","shopDomain":"quickstart-19e57924.myshopify.com","orderReference":"SO22245","action":"CREATE","status":"created","shopifyOrderId":"gid://shopify/Order/6567088914650","shopifyOrderName":"SO22245"}
{"timestamp":"2026-05-08T04:57:23.482Z","event":"import_order_started","jobId":"54bff822-7dbf-4200-805d-c865b1839437","shopDomain":"quickstart-19e57924.myshopify.com","orderReference":"SO22244"}
{"timestamp":"2026-05-08T04:57:24.697Z","event":"shopify_order_create_pacing_wait","jobId":"54bff822-7dbf-4200-805d-c865b1839437","shopDomain":"quickstart-19e57924.myshopify.com","orderReference":"SO22244","waitMs":11052}
{"timestamp":"2026-05-08T04:57:36.624Z","event":"import_order_completed","jobId":"54bff822-7dbf-4200-805d-c865b1839437","shopDomain":"quickstart-19e57924.myshopify.com","orderReference":"SO22244","action":"CREATE","status":"created","shopifyOrderId":"gid://shopify/Order/6567089078490","shopifyOrderName":"SO22244"}
{"timestamp":"2026-05-08T04:57:36.626Z","event":"import_order_started","jobId":"54bff822-7dbf-4200-805d-c865b1839437","shopDomain":"quickstart-19e57924.myshopify.com","orderReference":"SO22243"}
{"timestamp":"2026-05-08T04:57:37.800Z","event":"shopify_order_create_pacing_wait","jobId":"54bff822-7dbf-4200-805d-c865b1839437","shopDomain":"quickstart-19e57924.myshopify.com","orderReference":"SO22243","waitMs":10955}
{"timestamp":"2026-05-08T04:57:49.574Z","event":"import_order_completed","jobId":"54bff822-7dbf-4200-805d-c865b1839437","shopDomain":"quickstart-19e57924.myshopify.com","orderReference":"SO22243","action":"CREATE","status":"created","shopifyOrderId":"gid://shopify/Order/6567089406170","shopifyOrderName":"SO22243"}
{"timestamp":"2026-05-08T04:57:49.577Z","event":"import_order_started","jobId":"54bff822-7dbf-4200-805d-c865b1839437","shopDomain":"quickstart-19e57924.myshopify.com","orderReference":"SO22242"}
{"timestamp":"2026-05-08T04:57:50.775Z","event":"shopify_order_create_pacing_wait","jobId":"54bff822-7dbf-4200-805d-c865b1839437","shopDomain":"quickstart-19e57924.myshopify.com","orderReference":"SO22242","waitMs":10990}
{"timestamp":"2026-05-08T04:58:02.461Z","event":"import_order_completed","jobId":"54bff822-7dbf-4200-805d-c865b1839437","shopDomain":"quickstart-19e57924.myshopify.com","orderReference":"SO22242","action":"CREATE","status":"created","shopifyOrderId":"gid://shopify/Order/6567089701082","shopifyOrderName":"SO22242"}
{"timestamp":"2026-05-08T04:58:02.464Z","event":"import_job_completed","jobId":"54bff822-7dbf-4200-805d-c865b1839437","shopDomain":"quickstart-19e57924.myshopify.com","summary":{"totalOrders":4,"processedOrders":4,"createdOrders":4,"updatedOrders":0,"failedOrders":0}}
{"timestamp":"2026-05-08T05:06:04.488Z","event":"server_started","url":"http://127.0.0.1:3456","apiVersion":"2026-04"}
{"timestamp":"2026-05-08T05:07:02.839Z","event":"import_plan_saved","importPlanId":"c1e3107f-70f7-42d4-a4e4-eced03191f89","sourceFileName":"sale.order (1).csv","csvBytes":3231,"totalOrders":4,"batchCount":1}
{"timestamp":"2026-05-08T05:07:17.558Z","event":"import_job_started","jobId":"c197795e-150b-493b-a0e7-485f7db727a5","shopDomain":"quickstart-19e57924.myshopify.com","uploadedCsvBytes":3231,"batchLabel":"Batch 1"}
{"timestamp":"2026-05-08T05:07:18.004Z","event":"import_job_prepared","jobId":"c197795e-150b-493b-a0e7-485f7db727a5","shopDomain":"quickstart-19e57924.myshopify.com","totalOrders":4,"pendingOrders":4,"alreadyProcessedOrders":0,"requestedOrders":4,"batchLabel":"Batch 1","stats":{"ordersParsed":4,"matrixifyRowsWritten":8,"ordersWithMissingTotal":0,"ordersWithNormalizedPhone":4,"ordersWithQuantityAssumptions":0}}
{"timestamp":"2026-05-08T05:07:18.010Z","event":"import_order_started","jobId":"c197795e-150b-493b-a0e7-485f7db727a5","shopDomain":"quickstart-19e57924.myshopify.com","orderReference":"SO22245"}
{"timestamp":"2026-05-08T05:07:18.873Z","event":"shopify_order_update_user_errors","shopDomain":"quickstart-19e57924.myshopify.com","action":"UPDATE_ORDER","jobId":"c197795e-150b-493b-a0e7-485f7db727a5","orderReference":"SO22245","userErrors":[{"field":["shippingAddress","country"],"message":"Select a country/region"},{"field":["shippingAddress","zip"],"message":"Enter a postal code"},{"field":["shippingAddress","city"],"message":"Enter a city"}]}
{"timestamp":"2026-05-08T05:07:18.875Z","event":"import_order_failed","jobId":"c197795e-150b-493b-a0e7-485f7db727a5","shopDomain":"quickstart-19e57924.myshopify.com","orderReference":"SO22245","message":"Select a country/region; Enter a postal code; Enter a city"}
{"timestamp":"2026-05-08T05:07:18.881Z","event":"import_order_started","jobId":"c197795e-150b-493b-a0e7-485f7db727a5","shopDomain":"quickstart-19e57924.myshopify.com","orderReference":"SO22244"}
{"timestamp":"2026-05-08T05:07:19.800Z","event":"shopify_order_update_user_errors","shopDomain":"quickstart-19e57924.myshopify.com","action":"UPDATE_ORDER","jobId":"c197795e-150b-493b-a0e7-485f7db727a5","orderReference":"SO22244","userErrors":[{"field":["shippingAddress","country"],"message":"Select a country/region"},{"field":["shippingAddress","zip"],"message":"Enter a postal code"},{"field":["shippingAddress","city"],"message":"Enter a city"}]}
{"timestamp":"2026-05-08T05:07:19.801Z","event":"import_order_failed","jobId":"c197795e-150b-493b-a0e7-485f7db727a5","shopDomain":"quickstart-19e57924.myshopify.com","orderReference":"SO22244","message":"Select a country/region; Enter a postal code; Enter a city"}
{"timestamp":"2026-05-08T05:07:19.807Z","event":"import_order_started","jobId":"c197795e-150b-493b-a0e7-485f7db727a5","shopDomain":"quickstart-19e57924.myshopify.com","orderReference":"SO22243"}
{"timestamp":"2026-05-08T05:07:20.765Z","event":"shopify_order_update_user_errors","shopDomain":"quickstart-19e57924.myshopify.com","action":"UPDATE_ORDER","jobId":"c197795e-150b-493b-a0e7-485f7db727a5","orderReference":"SO22243","userErrors":[{"field":["shippingAddress","country"],"message":"Select a country/region"},{"field":["shippingAddress","zip"],"message":"Enter a postal code"},{"field":["shippingAddress","city"],"message":"Enter a city"}]}
{"timestamp":"2026-05-08T05:07:20.766Z","event":"import_order_failed","jobId":"c197795e-150b-493b-a0e7-485f7db727a5","shopDomain":"quickstart-19e57924.myshopify.com","orderReference":"SO22243","message":"Select a country/region; Enter a postal code; Enter a city"}
{"timestamp":"2026-05-08T05:07:20.769Z","event":"import_order_started","jobId":"c197795e-150b-493b-a0e7-485f7db727a5","shopDomain":"quickstart-19e57924.myshopify.com","orderReference":"SO22242"}
{"timestamp":"2026-05-08T05:07:21.673Z","event":"shopify_order_update_user_errors","shopDomain":"quickstart-19e57924.myshopify.com","action":"UPDATE_ORDER","jobId":"c197795e-150b-493b-a0e7-485f7db727a5","orderReference":"SO22242","userErrors":[{"field":["shippingAddress","country"],"message":"Select a country/region"},{"field":["shippingAddress","zip"],"message":"Enter a postal code"},{"field":["shippingAddress","city"],"message":"Enter a city"}]}
{"timestamp":"2026-05-08T05:07:21.674Z","event":"import_order_failed","jobId":"c197795e-150b-493b-a0e7-485f7db727a5","shopDomain":"quickstart-19e57924.myshopify.com","orderReference":"SO22242","message":"Select a country/region; Enter a postal code; Enter a city"}
{"timestamp":"2026-05-08T05:07:21.680Z","event":"import_job_completed","jobId":"c197795e-150b-493b-a0e7-485f7db727a5","shopDomain":"quickstart-19e57924.myshopify.com","summary":{"totalOrders":4,"processedOrders":4,"createdOrders":0,"updatedOrders":0,"failedOrders":4}}
{"timestamp":"2026-05-08T05:08:55.232Z","event":"persisted_import_data_cleared","jobsDir":"E:\\oddo_to_shopify\\jobs","importPlansDir":"E:\\oddo_to_shopify\\import-plans"}
{"timestamp":"2026-05-08T05:09:19.235Z","event":"import_plan_saved","importPlanId":"2abba508-7e67-4b44-8e01-058916b0cf0e","sourceFileName":"sale.order.csv","csvBytes":39423,"totalOrders":51,"batchCount":1}
{"timestamp":"2026-05-08T05:09:50.382Z","event":"import_job_started","jobId":"0a0f1e8b-80e0-412b-b42f-b7a258450afe","shopDomain":"quickstart-19e57924.myshopify.com","uploadedCsvBytes":39423,"batchLabel":"Batch 1"}
{"timestamp":"2026-05-08T05:09:50.833Z","event":"import_job_prepared","jobId":"0a0f1e8b-80e0-412b-b42f-b7a258450afe","shopDomain":"quickstart-19e57924.myshopify.com","totalOrders":51,"pendingOrders":51,"alreadyProcessedOrders":0,"requestedOrders":51,"batchLabel":"Batch 1","stats":{"ordersParsed":51,"matrixifyRowsWritten":118,"ordersWithMissingTotal":4,"ordersWithNormalizedPhone":47,"ordersWithQuantityAssumptions":0}}
{"timestamp":"2026-05-08T05:09:50.836Z","event":"import_order_started","jobId":"0a0f1e8b-80e0-412b-b42f-b7a258450afe","shopDomain":"quickstart-19e57924.myshopify.com","orderReference":"SO16240"}
{"timestamp":"2026-05-08T05:09:54.185Z","event":"import_order_completed","jobId":"0a0f1e8b-80e0-412b-b42f-b7a258450afe","shopDomain":"quickstart-19e57924.myshopify.com","orderReference":"SO16240","action":"CREATE","status":"created","shopifyOrderId":"gid://shopify/Order/6567098712282","shopifyOrderName":"SO16240"}
{"timestamp":"2026-05-08T05:09:54.187Z","event":"import_order_started","jobId":"0a0f1e8b-80e0-412b-b42f-b7a258450afe","shopDomain":"quickstart-19e57924.myshopify.com","orderReference":"SO16239"}
{"timestamp":"2026-05-08T05:09:55.503Z","event":"shopify_order_create_pacing_wait","jobId":"0a0f1e8b-80e0-412b-b42f-b7a258450afe","shopDomain":"quickstart-19e57924.myshopify.com","orderReference":"SO16239","waitMs":9709}
{"timestamp":"2026-05-08T05:10:06.898Z","event":"import_order_completed","jobId":"0a0f1e8b-80e0-412b-b42f-b7a258450afe","shopDomain":"quickstart-19e57924.myshopify.com","orderReference":"SO16239","action":"CREATE","status":"created","shopifyOrderId":"gid://shopify/Order/6567098908890","shopifyOrderName":"SO16239"}
{"timestamp":"2026-05-08T05:10:06.901Z","event":"import_order_started","jobId":"0a0f1e8b-80e0-412b-b42f-b7a258450afe","shopDomain":"quickstart-19e57924.myshopify.com","orderReference":"SO16238"}
{"timestamp":"2026-05-08T05:10:08.183Z","event":"shopify_order_create_pacing_wait","jobId":"0a0f1e8b-80e0-412b-b42f-b7a258450afe","shopDomain":"quickstart-19e57924.myshopify.com","orderReference":"SO16238","waitMs":10045}
{"timestamp":"2026-05-08T05:10:19.738Z","event":"import_order_completed","jobId":"0a0f1e8b-80e0-412b-b42f-b7a258450afe","shopDomain":"quickstart-19e57924.myshopify.com","orderReference":"SO16238","action":"CREATE","status":"created","shopifyOrderId":"gid://shopify/Order/6567099007194","shopifyOrderName":"SO16238"}
{"timestamp":"2026-05-08T05:10:19.741Z","event":"import_order_started","jobId":"0a0f1e8b-80e0-412b-b42f-b7a258450afe","shopDomain":"quickstart-19e57924.myshopify.com","orderReference":"SO16236"}
{"timestamp":"2026-05-08T05:10:20.993Z","event":"shopify_order_create_pacing_wait","jobId":"0a0f1e8b-80e0-412b-b42f-b7a258450afe","shopDomain":"quickstart-19e57924.myshopify.com","orderReference":"SO16236","waitMs":10254}
{"timestamp":"2026-05-08T05:10:33.092Z","event":"import_order_completed","jobId":"0a0f1e8b-80e0-412b-b42f-b7a258450afe","shopDomain":"quickstart-19e57924.myshopify.com","orderReference":"SO16236","action":"CREATE","status":"created","shopifyOrderId":"gid://shopify/Order/6567099072730","shopifyOrderName":"SO16236"}
{"timestamp":"2026-05-08T05:10:33.094Z","event":"import_order_started","jobId":"0a0f1e8b-80e0-412b-b42f-b7a258450afe","shopDomain":"quickstart-19e57924.myshopify.com","orderReference":"SO16235"}
{"timestamp":"2026-05-08T05:10:34.314Z","event":"shopify_order_create_pacing_wait","jobId":"0a0f1e8b-80e0-412b-b42f-b7a258450afe","shopDomain":"quickstart-19e57924.myshopify.com","orderReference":"SO16235","waitMs":9945}
{"timestamp":"2026-05-08T05:10:45.830Z","event":"import_order_completed","jobId":"0a0f1e8b-80e0-412b-b42f-b7a258450afe","shopDomain":"quickstart-19e57924.myshopify.com","orderReference":"SO16235","action":"CREATE","status":"created","shopifyOrderId":"gid://shopify/Order/6567099269338","shopifyOrderName":"SO16235"}
{"timestamp":"2026-05-08T05:10:45.833Z","event":"import_order_started","jobId":"0a0f1e8b-80e0-412b-b42f-b7a258450afe","shopDomain":"quickstart-19e57924.myshopify.com","orderReference":"SO16167"}
{"timestamp":"2026-05-08T05:10:47.042Z","event":"shopify_order_create_pacing_wait","jobId":"0a0f1e8b-80e0-412b-b42f-b7a258450afe","shopDomain":"quickstart-19e57924.myshopify.com","orderReference":"SO16167","waitMs":10232}
{"timestamp":"2026-05-08T05:10:58.967Z","event":"import_order_completed","jobId":"0a0f1e8b-80e0-412b-b42f-b7a258450afe","shopDomain":"quickstart-19e57924.myshopify.com","orderReference":"SO16167","action":"CREATE","status":"created","shopifyOrderId":"gid://shopify/Order/6567099367642","shopifyOrderName":"SO16167"}
{"timestamp":"2026-05-08T05:10:58.971Z","event":"import_order_started","jobId":"0a0f1e8b-80e0-412b-b42f-b7a258450afe","shopDomain":"quickstart-19e57924.myshopify.com","orderReference":"SO16233"}
{"timestamp":"2026-05-08T05:11:00.161Z","event":"shopify_order_create_pacing_wait","jobId":"0a0f1e8b-80e0-412b-b42f-b7a258450afe","shopDomain":"quickstart-19e57924.myshopify.com","orderReference":"SO16233","waitMs":10118}
{"timestamp":"2026-05-08T05:11:12.011Z","event":"import_order_completed","jobId":"0a0f1e8b-80e0-412b-b42f-b7a258450afe","shopDomain":"quickstart-19e57924.myshopify.com","orderReference":"SO16233","action":"CREATE","status":"created","shopifyOrderId":"gid://shopify/Order/6567099564250","shopifyOrderName":"SO16233"}
{"timestamp":"2026-05-08T05:11:12.013Z","event":"import_order_started","jobId":"0a0f1e8b-80e0-412b-b42f-b7a258450afe","shopDomain":"quickstart-19e57924.myshopify.com","orderReference":"SO16230"}
{"timestamp":"2026-05-08T05:11:13.254Z","event":"shopify_order_create_pacing_wait","jobId":"0a0f1e8b-80e0-412b-b42f-b7a258450afe","shopDomain":"quickstart-19e57924.myshopify.com","orderReference":"SO16230","waitMs":10040}
{"timestamp":"2026-05-08T05:11:24.809Z","event":"import_order_completed","jobId":"0a0f1e8b-80e0-412b-b42f-b7a258450afe","shopDomain":"quickstart-19e57924.myshopify.com","orderReference":"SO16230","action":"CREATE","status":"created","shopifyOrderId":"gid://shopify/Order/6567099826394","shopifyOrderName":"SO16230"}
{"timestamp":"2026-05-08T05:11:24.811Z","event":"import_order_started","jobId":"0a0f1e8b-80e0-412b-b42f-b7a258450afe","shopDomain":"quickstart-19e57924.myshopify.com","orderReference":"SO16234"}
{"timestamp":"2026-05-08T05:11:26.050Z","event":"shopify_order_create_pacing_wait","jobId":"0a0f1e8b-80e0-412b-b42f-b7a258450afe","shopDomain":"quickstart-19e57924.myshopify.com","orderReference":"SO16234","waitMs":10260}
{"timestamp":"2026-05-08T05:11:37.683Z","event":"import_order_completed","jobId":"0a0f1e8b-80e0-412b-b42f-b7a258450afe","shopDomain":"quickstart-19e57924.myshopify.com","orderReference":"SO16234","action":"CREATE","status":"created","shopifyOrderId":"gid://shopify/Order/6567100023002","shopifyOrderName":"SO16234"}
{"timestamp":"2026-05-08T05:11:37.686Z","event":"import_order_started","jobId":"0a0f1e8b-80e0-412b-b42f-b7a258450afe","shopDomain":"quickstart-19e57924.myshopify.com","orderReference":"SO16228"}
{"timestamp":"2026-05-08T05:11:38.872Z","event":"shopify_order_create_pacing_wait","jobId":"0a0f1e8b-80e0-412b-b42f-b7a258450afe","shopDomain":"quickstart-19e57924.myshopify.com","orderReference":"SO16228","waitMs":10449}
{"timestamp":"2026-05-08T05:11:51.008Z","event":"import_order_completed","jobId":"0a0f1e8b-80e0-412b-b42f-b7a258450afe","shopDomain":"quickstart-19e57924.myshopify.com","orderReference":"SO16228","action":"CREATE","status":"created","shopifyOrderId":"gid://shopify/Order/6567100219610","shopifyOrderName":"SO16228"}
{"timestamp":"2026-05-08T05:11:51.012Z","event":"import_order_started","jobId":"0a0f1e8b-80e0-412b-b42f-b7a258450afe","shopDomain":"quickstart-19e57924.myshopify.com","orderReference":"SO16231"}
{"timestamp":"2026-05-08T05:11:52.230Z","event":"shopify_order_create_pacing_wait","jobId":"0a0f1e8b-80e0-412b-b42f-b7a258450afe","shopDomain":"quickstart-19e57924.myshopify.com","orderReference":"SO16231","waitMs":10105}
{"timestamp":"2026-05-08T05:12:04.206Z","event":"import_order_completed","jobId":"0a0f1e8b-80e0-412b-b42f-b7a258450afe","shopDomain":"quickstart-19e57924.myshopify.com","orderReference":"SO16231","action":"CREATE","status":"created","shopifyOrderId":"gid://shopify/Order/6567100416218","shopifyOrderName":"SO16231"}
{"timestamp":"2026-05-08T05:12:04.210Z","event":"import_order_started","jobId":"0a0f1e8b-80e0-412b-b42f-b7a258450afe","shopDomain":"quickstart-19e57924.myshopify.com","orderReference":"SO16229"}
{"timestamp":"2026-05-08T05:12:05.630Z","event":"shopify_order_create_pacing_wait","jobId":"0a0f1e8b-80e0-412b-b42f-b7a258450afe","shopDomain":"quickstart-19e57924.myshopify.com","orderReference":"SO16229","waitMs":9713}
{"timestamp":"2026-05-08T05:12:16.681Z","event":"import_order_completed","jobId":"0a0f1e8b-80e0-412b-b42f-b7a258450afe","shopDomain":"quickstart-19e57924.myshopify.com","orderReference":"SO16229","action":"CREATE","status":"created","shopifyOrderId":"gid://shopify/Order/6567100514522","shopifyOrderName":"SO16229"}
{"timestamp":"2026-05-08T05:12:16.684Z","event":"import_order_started","jobId":"0a0f1e8b-80e0-412b-b42f-b7a258450afe","shopDomain":"quickstart-19e57924.myshopify.com","orderReference":"SO16227"}
{"timestamp":"2026-05-08T05:12:17.855Z","event":"shopify_order_create_pacing_wait","jobId":"0a0f1e8b-80e0-412b-b42f-b7a258450afe","shopDomain":"quickstart-19e57924.myshopify.com","orderReference":"SO16227","waitMs":10502}
{"timestamp":"2026-05-08T05:12:29.836Z","event":"import_order_completed","jobId":"0a0f1e8b-80e0-412b-b42f-b7a258450afe","shopDomain":"quickstart-19e57924.myshopify.com","orderReference":"SO16227","action":"CREATE","status":"created","shopifyOrderId":"gid://shopify/Order/6567100776666","shopifyOrderName":"SO16227"}
{"timestamp":"2026-05-08T05:12:29.839Z","event":"import_order_started","jobId":"0a0f1e8b-80e0-412b-b42f-b7a258450afe","shopDomain":"quickstart-19e57924.myshopify.com","orderReference":"SO15914"}
{"timestamp":"2026-05-08T05:12:31.010Z","event":"shopify_order_create_pacing_wait","jobId":"0a0f1e8b-80e0-412b-b42f-b7a258450afe","shopDomain":"quickstart-19e57924.myshopify.com","orderReference":"SO15914","waitMs":10351}
{"timestamp":"2026-05-08T05:12:43.112Z","event":"import_order_completed","jobId":"0a0f1e8b-80e0-412b-b42f-b7a258450afe","shopDomain":"quickstart-19e57924.myshopify.com","orderReference":"SO15914","action":"CREATE","status":"created","shopifyOrderId":"gid://shopify/Order/6567100973274","shopifyOrderName":"SO15914"}
{"timestamp":"2026-05-08T05:12:43.115Z","event":"import_order_started","jobId":"0a0f1e8b-80e0-412b-b42f-b7a258450afe","shopDomain":"quickstart-19e57924.myshopify.com","orderReference":"SO16226"}
{"timestamp":"2026-05-08T05:12:44.377Z","event":"shopify_order_create_pacing_wait","jobId":"0a0f1e8b-80e0-412b-b42f-b7a258450afe","shopDomain":"quickstart-19e57924.myshopify.com","orderReference":"SO16226","waitMs":10002}
{"timestamp":"2026-05-08T05:12:56.232Z","event":"import_order_completed","jobId":"0a0f1e8b-80e0-412b-b42f-b7a258450afe","shopDomain":"quickstart-19e57924.myshopify.com","orderReference":"SO16226","action":"CREATE","status":"created","shopifyOrderId":"gid://shopify/Order/6567101333722","shopifyOrderName":"SO16226"}
{"timestamp":"2026-05-08T05:12:56.236Z","event":"import_order_started","jobId":"0a0f1e8b-80e0-412b-b42f-b7a258450afe","shopDomain":"quickstart-19e57924.myshopify.com","orderReference":"SO16225"}
{"timestamp":"2026-05-08T05:12:57.404Z","event":"shopify_order_create_pacing_wait","jobId":"0a0f1e8b-80e0-412b-b42f-b7a258450afe","shopDomain":"quickstart-19e57924.myshopify.com","orderReference":"SO16225","waitMs":9993}
{"timestamp":"2026-05-08T05:13:08.721Z","event":"import_order_completed","jobId":"0a0f1e8b-80e0-412b-b42f-b7a258450afe","shopDomain":"quickstart-19e57924.myshopify.com","orderReference":"SO16225","action":"CREATE","status":"created","shopifyOrderId":"gid://shopify/Order/6567101563098","shopifyOrderName":"SO16225"}
{"timestamp":"2026-05-08T05:13:08.723Z","event":"import_order_started","jobId":"0a0f1e8b-80e0-412b-b42f-b7a258450afe","shopDomain":"quickstart-19e57924.myshopify.com","orderReference":"SO16191"}
{"timestamp":"2026-05-08T05:13:09.992Z","event":"shopify_order_create_pacing_wait","jobId":"0a0f1e8b-80e0-412b-b42f-b7a258450afe","shopDomain":"quickstart-19e57924.myshopify.com","orderReference":"SO16191","waitMs":10413}
{"timestamp":"2026-05-08T05:13:21.994Z","event":"import_order_completed","jobId":"0a0f1e8b-80e0-412b-b42f-b7a258450afe","shopDomain":"quickstart-19e57924.myshopify.com","orderReference":"SO16191","action":"CREATE","status":"created","shopifyOrderId":"gid://shopify/Order/6567101694170","shopifyOrderName":"SO16191"}
{"timestamp":"2026-05-08T05:13:21.997Z","event":"import_order_started","jobId":"0a0f1e8b-80e0-412b-b42f-b7a258450afe","shopDomain":"quickstart-19e57924.myshopify.com","orderReference":"SO16224"}
{"timestamp":"2026-05-08T05:13:23.220Z","event":"shopify_order_create_pacing_wait","jobId":"0a0f1e8b-80e0-412b-b42f-b7a258450afe","shopDomain":"quickstart-19e57924.myshopify.com","orderReference":"SO16224","waitMs":10188}
{"timestamp":"2026-05-08T05:13:34.860Z","event":"import_order_completed","jobId":"0a0f1e8b-80e0-412b-b42f-b7a258450afe","shopDomain":"quickstart-19e57924.myshopify.com","orderReference":"SO16224","action":"CREATE","status":"created","shopifyOrderId":"gid://shopify/Order/6567101792474","shopifyOrderName":"SO16224"}
{"timestamp":"2026-05-08T05:13:34.863Z","event":"import_order_started","jobId":"0a0f1e8b-80e0-412b-b42f-b7a258450afe","shopDomain":"quickstart-19e57924.myshopify.com","orderReference":"SO16223"}
{"timestamp":"2026-05-08T05:13:36.037Z","event":"shopify_order_create_pacing_wait","jobId":"0a0f1e8b-80e0-412b-b42f-b7a258450afe","shopDomain":"quickstart-19e57924.myshopify.com","orderReference":"SO16223","waitMs":10378}
{"timestamp":"2026-05-08T05:13:47.682Z","event":"import_order_completed","jobId":"0a0f1e8b-80e0-412b-b42f-b7a258450afe","shopDomain":"quickstart-19e57924.myshopify.com","orderReference":"SO16223","action":"CREATE","status":"created","shopifyOrderId":"gid://shopify/Order/6567101923546","shopifyOrderName":"SO16223"}
{"timestamp":"2026-05-08T05:13:47.685Z","event":"import_order_started","jobId":"0a0f1e8b-80e0-412b-b42f-b7a258450afe","shopDomain":"quickstart-19e57924.myshopify.com","orderReference":"SO16222"}
{"timestamp":"2026-05-08T05:13:48.876Z","event":"shopify_order_create_pacing_wait","jobId":"0a0f1e8b-80e0-412b-b42f-b7a258450afe","shopDomain":"quickstart-19e57924.myshopify.com","orderReference":"SO16222","waitMs":10550}
{"timestamp":"2026-05-08T05:14:01.063Z","event":"import_order_completed","jobId":"0a0f1e8b-80e0-412b-b42f-b7a258450afe","shopDomain":"quickstart-19e57924.myshopify.com","orderReference":"SO16222","action":"CREATE","status":"created","shopifyOrderId":"gid://shopify/Order/6567102120154","shopifyOrderName":"SO16222"}
{"timestamp":"2026-05-08T05:14:01.066Z","event":"import_order_started","jobId":"0a0f1e8b-80e0-412b-b42f-b7a258450afe","shopDomain":"quickstart-19e57924.myshopify.com","orderReference":"SO16221"}
{"timestamp":"2026-05-08T05:14:03.544Z","event":"server_started","url":"http://127.0.0.1:3456","apiVersion":"2026-04"}
{"timestamp":"2026-05-08T05:16:46.266Z","event":"server_started","url":"http://127.0.0.1:3456","apiVersion":"2026-04"}
{"timestamp":"2026-05-08T05:17:40.747Z","event":"import_job_started","jobId":"0a0f1e8b-80e0-412b-b42f-b7a258450afe","shopDomain":"quickstart-19e57924.myshopify.com","uploadedCsvBytes":39423,"batchLabel":"Batch 1"}
{"timestamp":"2026-05-08T05:17:40.754Z","event":"import_job_failed","jobId":"0a0f1e8b-80e0-412b-b42f-b7a258450afe","shopDomain":"quickstart-19e57924.myshopify.com","message":"Enter a valid Shopify Admin API access token."}
{"timestamp":"2026-05-08T05:18:02.168Z","event":"import_job_started","jobId":"0a0f1e8b-80e0-412b-b42f-b7a258450afe","shopDomain":"quickstart-19e57924.myshopify.com","uploadedCsvBytes":39423,"batchLabel":"Batch 1"}
{"timestamp":"2026-05-08T05:18:02.634Z","event":"import_job_prepared","jobId":"0a0f1e8b-80e0-412b-b42f-b7a258450afe","shopDomain":"quickstart-19e57924.myshopify.com","totalOrders":51,"pendingOrders":31,"alreadyProcessedOrders":20,"requestedOrders":51,"batchLabel":"Batch 1","stats":{"ordersParsed":51,"matrixifyRowsWritten":118,"ordersWithMissingTotal":4,"ordersWithNormalizedPhone":47,"ordersWithQuantityAssumptions":0}}
{"timestamp":"2026-05-08T05:18:02.637Z","event":"import_order_started","jobId":"0a0f1e8b-80e0-412b-b42f-b7a258450afe","shopDomain":"quickstart-19e57924.myshopify.com","orderReference":"SO16221"}
{"timestamp":"2026-05-08T05:18:05.359Z","event":"import_order_completed","jobId":"0a0f1e8b-80e0-412b-b42f-b7a258450afe","shopDomain":"quickstart-19e57924.myshopify.com","orderReference":"SO16221","action":"CREATE","status":"created","shopifyOrderId":"gid://shopify/Order/6567104676058","shopifyOrderName":"SO16221"}
{"timestamp":"2026-05-08T05:18:05.361Z","event":"import_order_started","jobId":"0a0f1e8b-80e0-412b-b42f-b7a258450afe","shopDomain":"quickstart-19e57924.myshopify.com","orderReference":"SO16220"}
{"timestamp":"2026-05-08T05:18:06.601Z","event":"shopify_order_create_pacing_wait","jobId":"0a0f1e8b-80e0-412b-b42f-b7a258450afe","shopDomain":"quickstart-19e57924.myshopify.com","orderReference":"SO16220","waitMs":2361}
{"timestamp":"2026-05-08T05:18:11.058Z","event":"import_order_completed","jobId":"0a0f1e8b-80e0-412b-b42f-b7a258450afe","shopDomain":"quickstart-19e57924.myshopify.com","orderReference":"SO16220","action":"CREATE","status":"created","shopifyOrderId":"gid://shopify/Order/6567104774362","shopifyOrderName":"SO16220"}
{"timestamp":"2026-05-08T05:18:11.061Z","event":"import_order_started","jobId":"0a0f1e8b-80e0-412b-b42f-b7a258450afe","shopDomain":"quickstart-19e57924.myshopify.com","orderReference":"SO16219"}
{"timestamp":"2026-05-08T05:18:12.240Z","event":"shopify_order_create_pacing_wait","jobId":"0a0f1e8b-80e0-412b-b42f-b7a258450afe","shopDomain":"quickstart-19e57924.myshopify.com","orderReference":"SO16219","waitMs":1738}
{"timestamp":"2026-05-08T05:18:15.601Z","event":"import_order_completed","jobId":"0a0f1e8b-80e0-412b-b42f-b7a258450afe","shopDomain":"quickstart-19e57924.myshopify.com","orderReference":"SO16219","action":"CREATE","status":"created","shopifyOrderId":"gid://shopify/Order/6567104839898","shopifyOrderName":"SO16219"}
{"timestamp":"2026-05-08T05:18:15.604Z","event":"import_order_started","jobId":"0a0f1e8b-80e0-412b-b42f-b7a258450afe","shopDomain":"quickstart-19e57924.myshopify.com","orderReference":"SO16217"}
{"timestamp":"2026-05-08T05:18:16.802Z","event":"shopify_order_create_pacing_wait","jobId":"0a0f1e8b-80e0-412b-b42f-b7a258450afe","shopDomain":"quickstart-19e57924.myshopify.com","orderReference":"SO16217","waitMs":2184}
{"timestamp":"2026-05-08T05:18:20.377Z","event":"import_order_completed","jobId":"0a0f1e8b-80e0-412b-b42f-b7a258450afe","shopDomain":"quickstart-19e57924.myshopify.com","orderReference":"SO16217","action":"CREATE","status":"created","shopifyOrderId":"gid://shopify/Order/6567104872666","shopifyOrderName":"SO16217"}
{"timestamp":"2026-05-08T05:18:20.379Z","event":"import_order_started","jobId":"0a0f1e8b-80e0-412b-b42f-b7a258450afe","shopDomain":"quickstart-19e57924.myshopify.com","orderReference":"SO16012"}
{"timestamp":"2026-05-08T05:18:21.760Z","event":"shopify_order_create_pacing_wait","jobId":"0a0f1e8b-80e0-412b-b42f-b7a258450afe","shopDomain":"quickstart-19e57924.myshopify.com","orderReference":"SO16012","waitMs":2242}
{"timestamp":"2026-05-08T05:18:25.436Z","event":"import_order_completed","jobId":"0a0f1e8b-80e0-412b-b42f-b7a258450afe","shopDomain":"quickstart-19e57924.myshopify.com","orderReference":"SO16012","action":"CREATE","status":"created","shopifyOrderId":"gid://shopify/Order/6567105003738","shopifyOrderName":"SO16012"}
{"timestamp":"2026-05-08T05:18:25.438Z","event":"import_order_started","jobId":"0a0f1e8b-80e0-412b-b42f-b7a258450afe","shopDomain":"quickstart-19e57924.myshopify.com","orderReference":"SO16216"}
{"timestamp":"2026-05-08T05:18:26.616Z","event":"shopify_order_create_pacing_wait","jobId":"0a0f1e8b-80e0-412b-b42f-b7a258450afe","shopDomain":"quickstart-19e57924.myshopify.com","orderReference":"SO16216","waitMs":2393}
{"timestamp":"2026-05-08T05:18:29.399Z","event":"shopify_order_create_user_errors","shopDomain":"quickstart-19e57924.myshopify.com","action":"CREATE_ORDER","jobId":"0a0f1e8b-80e0-412b-b42f-b7a258450afe","orderReference":"SO16216","userErrors":[{"field":null,"message":"Too many attempts. Please try again later."}]}
{"timestamp":"2026-05-08T05:18:29.405Z","event":"shopify_throttle_retry_wait","jobId":"0a0f1e8b-80e0-412b-b42f-b7a258450afe","shopDomain":"quickstart-19e57924.myshopify.com","orderReference":"SO16216","action":"CREATE_ORDER","attempt":1,"nextAttempt":2,"waitMs":65000,"httpStatus":null,"retryAfterSeconds":null,"message":"Too many attempts. Please try again later."}
{"timestamp":"2026-05-08T05:19:35.783Z","event":"import_order_completed","jobId":"0a0f1e8b-80e0-412b-b42f-b7a258450afe","shopDomain":"quickstart-19e57924.myshopify.com","orderReference":"SO16216","action":"CREATE","status":"created","shopifyOrderId":"gid://shopify/Order/6567105921242","shopifyOrderName":"SO16216"}
{"timestamp":"2026-05-08T05:19:35.785Z","event":"import_order_started","jobId":"0a0f1e8b-80e0-412b-b42f-b7a258450afe","shopDomain":"quickstart-19e57924.myshopify.com","orderReference":"SO16215"}
{"timestamp":"2026-05-08T05:19:36.984Z","event":"shopify_order_create_pacing_wait","jobId":"0a0f1e8b-80e0-412b-b42f-b7a258450afe","shopDomain":"quickstart-19e57924.myshopify.com","orderReference":"SO16215","waitMs":2433}
{"timestamp":"2026-05-08T05:19:40.688Z","event":"import_order_completed","jobId":"0a0f1e8b-80e0-412b-b42f-b7a258450afe","shopDomain":"quickstart-19e57924.myshopify.com","orderReference":"SO16215","action":"CREATE","status":"created","shopifyOrderId":"gid://shopify/Order/6567105954010","shopifyOrderName":"SO16215"}
{"timestamp":"2026-05-08T05:19:40.691Z","event":"import_order_started","jobId":"0a0f1e8b-80e0-412b-b42f-b7a258450afe","shopDomain":"quickstart-19e57924.myshopify.com","orderReference":"SO16214"}
{"timestamp":"2026-05-08T05:19:41.863Z","event":"shopify_order_create_pacing_wait","jobId":"0a0f1e8b-80e0-412b-b42f-b7a258450afe","shopDomain":"quickstart-19e57924.myshopify.com","orderReference":"SO16214","waitMs":2556}
{"timestamp":"2026-05-08T05:19:45.866Z","event":"import_order_completed","jobId":"0a0f1e8b-80e0-412b-b42f-b7a258450afe","shopDomain":"quickstart-19e57924.myshopify.com","orderReference":"SO16214","action":"CREATE","status":"created","shopifyOrderId":"gid://shopify/Order/6567106019546","shopifyOrderName":"SO16214"}
{"timestamp":"2026-05-08T05:19:45.869Z","event":"import_order_started","jobId":"0a0f1e8b-80e0-412b-b42f-b7a258450afe","shopDomain":"quickstart-19e57924.myshopify.com","orderReference":"SO16213"}
{"timestamp":"2026-05-08T05:19:47.068Z","event":"shopify_order_create_pacing_wait","jobId":"0a0f1e8b-80e0-412b-b42f-b7a258450afe","shopDomain":"quickstart-19e57924.myshopify.com","orderReference":"SO16213","waitMs":2369}
{"timestamp":"2026-05-08T05:19:50.740Z","event":"import_order_completed","jobId":"0a0f1e8b-80e0-412b-b42f-b7a258450afe","shopDomain":"quickstart-19e57924.myshopify.com","orderReference":"SO16213","action":"CREATE","status":"created","shopifyOrderId":"gid://shopify/Order/6567106052314","shopifyOrderName":"SO16213"}
{"timestamp":"2026-05-08T05:19:50.742Z","event":"import_order_started","jobId":"0a0f1e8b-80e0-412b-b42f-b7a258450afe","shopDomain":"quickstart-19e57924.myshopify.com","orderReference":"SO16212"}
{"timestamp":"2026-05-08T05:19:51.904Z","event":"shopify_order_create_pacing_wait","jobId":"0a0f1e8b-80e0-412b-b42f-b7a258450afe","shopDomain":"quickstart-19e57924.myshopify.com","orderReference":"SO16212","waitMs":2547}
{"timestamp":"2026-05-08T05:19:56.432Z","event":"import_order_completed","jobId":"0a0f1e8b-80e0-412b-b42f-b7a258450afe","shopDomain":"quickstart-19e57924.myshopify.com","orderReference":"SO16212","action":"CREATE","status":"created","shopifyOrderId":"gid://shopify/Order/6567106117850","shopifyOrderName":"SO16212"}
{"timestamp":"2026-05-08T05:19:56.436Z","event":"import_order_started","jobId":"0a0f1e8b-80e0-412b-b42f-b7a258450afe","shopDomain":"quickstart-19e57924.myshopify.com","orderReference":"SO16131"}
{"timestamp":"2026-05-08T05:19:57.660Z","event":"shopify_order_create_pacing_wait","jobId":"0a0f1e8b-80e0-412b-b42f-b7a258450afe","shopDomain":"quickstart-19e57924.myshopify.com","orderReference":"SO16131","waitMs":1805}
{"timestamp":"2026-05-08T05:19:59.871Z","event":"shopify_order_create_user_errors","shopDomain":"quickstart-19e57924.myshopify.com","action":"CREATE_ORDER","jobId":"0a0f1e8b-80e0-412b-b42f-b7a258450afe","orderReference":"SO16131","userErrors":[{"field":null,"message":"Too many attempts. Please try again later."}]}
{"timestamp":"2026-05-08T05:19:59.875Z","event":"shopify_throttle_retry_wait","jobId":"0a0f1e8b-80e0-412b-b42f-b7a258450afe","shopDomain":"quickstart-19e57924.myshopify.com","orderReference":"SO16131","action":"CREATE_ORDER","attempt":1,"nextAttempt":2,"waitMs":65000,"httpStatus":null,"retryAfterSeconds":null,"message":"Too many attempts. Please try again later."}
{"timestamp":"2026-05-08T05:21:06.695Z","event":"import_order_completed","jobId":"0a0f1e8b-80e0-412b-b42f-b7a258450afe","shopDomain":"quickstart-19e57924.myshopify.com","orderReference":"SO16131","action":"CREATE","status":"created","shopifyOrderId":"gid://shopify/Order/6567107100890","shopifyOrderName":"SO16131"}
{"timestamp":"2026-05-08T05:21:06.698Z","event":"import_order_started","jobId":"0a0f1e8b-80e0-412b-b42f-b7a258450afe","shopDomain":"quickstart-19e57924.myshopify.com","orderReference":"SO16211"}
{"timestamp":"2026-05-08T05:21:07.937Z","event":"shopify_order_create_pacing_wait","jobId":"0a0f1e8b-80e0-412b-b42f-b7a258450afe","shopDomain":"quickstart-19e57924.myshopify.com","orderReference":"SO16211","waitMs":1947}
{"timestamp":"2026-05-08T05:21:11.503Z","event":"import_order_completed","jobId":"0a0f1e8b-80e0-412b-b42f-b7a258450afe","shopDomain":"quickstart-19e57924.myshopify.com","orderReference":"SO16211","action":"CREATE","status":"created","shopifyOrderId":"gid://shopify/Order/6567107231962","shopifyOrderName":"SO16211"}
{"timestamp":"2026-05-08T05:21:11.506Z","event":"import_order_started","jobId":"0a0f1e8b-80e0-412b-b42f-b7a258450afe","shopDomain":"quickstart-19e57924.myshopify.com","orderReference":"SO16192"}
{"timestamp":"2026-05-08T05:21:12.701Z","event":"shopify_order_create_pacing_wait","jobId":"0a0f1e8b-80e0-412b-b42f-b7a258450afe","shopDomain":"quickstart-19e57924.myshopify.com","orderReference":"SO16192","waitMs":2191}
{"timestamp":"2026-05-08T05:21:16.438Z","event":"import_order_completed","jobId":"0a0f1e8b-80e0-412b-b42f-b7a258450afe","shopDomain":"quickstart-19e57924.myshopify.com","orderReference":"SO16192","action":"CREATE","status":"created","shopifyOrderId":"gid://shopify/Order/6567107330266","shopifyOrderName":"SO16192"}
{"timestamp":"2026-05-08T05:21:16.440Z","event":"import_order_started","jobId":"0a0f1e8b-80e0-412b-b42f-b7a258450afe","shopDomain":"quickstart-19e57924.myshopify.com","orderReference":"SO16210"}
{"timestamp":"2026-05-08T05:21:17.631Z","event":"shopify_order_create_pacing_wait","jobId":"0a0f1e8b-80e0-412b-b42f-b7a258450afe","shopDomain":"quickstart-19e57924.myshopify.com","orderReference":"SO16210","waitMs":2269}
{"timestamp":"2026-05-08T05:21:21.385Z","event":"import_order_completed","jobId":"0a0f1e8b-80e0-412b-b42f-b7a258450afe","shopDomain":"quickstart-19e57924.myshopify.com","orderReference":"SO16210","action":"CREATE","status":"created","shopifyOrderId":"gid://shopify/Order/6567107428570","shopifyOrderName":"SO16210"}
{"timestamp":"2026-05-08T05:21:21.388Z","event":"import_order_started","jobId":"0a0f1e8b-80e0-412b-b42f-b7a258450afe","shopDomain":"quickstart-19e57924.myshopify.com","orderReference":"SO16209"}
{"timestamp":"2026-05-08T05:21:23.200Z","event":"shopify_order_create_pacing_wait","jobId":"0a0f1e8b-80e0-412b-b42f-b7a258450afe","shopDomain":"quickstart-19e57924.myshopify.com","orderReference":"SO16209","waitMs":1710}
{"timestamp":"2026-05-08T05:21:26.535Z","event":"import_order_completed","jobId":"0a0f1e8b-80e0-412b-b42f-b7a258450afe","shopDomain":"quickstart-19e57924.myshopify.com","orderReference":"SO16209","action":"CREATE","status":"created","shopifyOrderId":"gid://shopify/Order/6567107494106","shopifyOrderName":"SO16209"}
{"timestamp":"2026-05-08T05:21:26.538Z","event":"import_order_started","jobId":"0a0f1e8b-80e0-412b-b42f-b7a258450afe","shopDomain":"quickstart-19e57924.myshopify.com","orderReference":"SO16208"}
{"timestamp":"2026-05-08T05:21:27.702Z","event":"shopify_order_create_pacing_wait","jobId":"0a0f1e8b-80e0-412b-b42f-b7a258450afe","shopDomain":"quickstart-19e57924.myshopify.com","orderReference":"SO16208","waitMs":2214}
{"timestamp":"2026-05-08T05:21:30.320Z","event":"shopify_order_create_user_errors","shopDomain":"quickstart-19e57924.myshopify.com","action":"CREATE_ORDER","jobId":"0a0f1e8b-80e0-412b-b42f-b7a258450afe","orderReference":"SO16208","userErrors":[{"field":null,"message":"Too many attempts. Please try again later."}]}
{"timestamp":"2026-05-08T05:21:30.324Z","event":"shopify_throttle_retry_wait","jobId":"0a0f1e8b-80e0-412b-b42f-b7a258450afe","shopDomain":"quickstart-19e57924.myshopify.com","orderReference":"SO16208","action":"CREATE_ORDER","attempt":1,"nextAttempt":2,"waitMs":65000,"httpStatus":null,"retryAfterSeconds":null,"message":"Too many attempts. Please try again later."}
{"timestamp":"2026-05-08T05:22:36.896Z","event":"import_order_completed","jobId":"0a0f1e8b-80e0-412b-b42f-b7a258450afe","shopDomain":"quickstart-19e57924.myshopify.com","orderReference":"SO16208","action":"CREATE","status":"created","shopifyOrderId":"gid://shopify/Order/6567108542682","shopifyOrderName":"SO16208"}
{"timestamp":"2026-05-08T05:22:36.897Z","event":"import_order_started","jobId":"0a0f1e8b-80e0-412b-b42f-b7a258450afe","shopDomain":"quickstart-19e57924.myshopify.com","orderReference":"SO16207"}
{"timestamp":"2026-05-08T05:22:38.110Z","event":"shopify_order_create_pacing_wait","jobId":"0a0f1e8b-80e0-412b-b42f-b7a258450afe","shopDomain":"quickstart-19e57924.myshopify.com","orderReference":"SO16207","waitMs":2220}
{"timestamp":"2026-05-08T05:22:41.785Z","event":"import_order_completed","jobId":"0a0f1e8b-80e0-412b-b42f-b7a258450afe","shopDomain":"quickstart-19e57924.myshopify.com","orderReference":"SO16207","action":"CREATE","status":"created","shopifyOrderId":"gid://shopify/Order/6567108575450","shopifyOrderName":"SO16207"}
{"timestamp":"2026-05-08T05:22:41.788Z","event":"import_order_started","jobId":"0a0f1e8b-80e0-412b-b42f-b7a258450afe","shopDomain":"quickstart-19e57924.myshopify.com","orderReference":"SO16206"}
{"timestamp":"2026-05-08T05:22:43.158Z","event":"shopify_order_create_pacing_wait","jobId":"0a0f1e8b-80e0-412b-b42f-b7a258450afe","shopDomain":"quickstart-19e57924.myshopify.com","orderReference":"SO16206","waitMs":2184}
{"timestamp":"2026-05-08T05:22:48.019Z","event":"server_started","url":"http://127.0.0.1:3456","apiVersion":"2026-04"}
{"timestamp":"2026-05-08T05:27:20.646Z","event":"import_job_started","jobId":"0a0f1e8b-80e0-412b-b42f-b7a258450afe","shopDomain":"quickstart-19e57924.myshopify.com","uploadedCsvBytes":39423,"batchLabel":"Batch 1"}
{"timestamp":"2026-05-08T05:27:21.111Z","event":"import_job_prepared","jobId":"0a0f1e8b-80e0-412b-b42f-b7a258450afe","shopDomain":"quickstart-19e57924.myshopify.com","totalOrders":51,"pendingOrders":14,"alreadyProcessedOrders":37,"requestedOrders":51,"batchLabel":"Batch 1","stats":{"ordersParsed":51,"matrixifyRowsWritten":118,"ordersWithMissingTotal":4,"ordersWithNormalizedPhone":47,"ordersWithQuantityAssumptions":0}}
{"timestamp":"2026-05-08T05:27:21.114Z","event":"import_order_started","jobId":"0a0f1e8b-80e0-412b-b42f-b7a258450afe","shopDomain":"quickstart-19e57924.myshopify.com","orderReference":"SO16206"}
{"timestamp":"2026-05-08T05:27:21.955Z","event":"shopify_order_update_user_errors","shopDomain":"quickstart-19e57924.myshopify.com","action":"UPDATE_ORDER","jobId":"0a0f1e8b-80e0-412b-b42f-b7a258450afe","orderReference":"SO16206","userErrors":[{"field":["shippingAddress","lastName"],"message":"Enter a last name"},{"field":["shippingAddress","country"],"message":"Select a country/region"},{"field":["shippingAddress","zip"],"message":"Enter a postal code"},{"field":["shippingAddress","city"],"message":"Enter a city"}]}
{"timestamp":"2026-05-08T05:27:21.957Z","event":"import_order_failed","jobId":"0a0f1e8b-80e0-412b-b42f-b7a258450afe","shopDomain":"quickstart-19e57924.myshopify.com","orderReference":"SO16206","message":"Enter a last name; Select a country/region; Enter a postal code; Enter a city"}
{"timestamp":"2026-05-08T05:27:21.963Z","event":"import_order_started","jobId":"0a0f1e8b-80e0-412b-b42f-b7a258450afe","shopDomain":"quickstart-19e57924.myshopify.com","orderReference":"SO16205"}
{"timestamp":"2026-05-08T05:27:24.469Z","event":"import_order_completed","jobId":"0a0f1e8b-80e0-412b-b42f-b7a258450afe","shopDomain":"quickstart-19e57924.myshopify.com","orderReference":"SO16205","action":"CREATE","status":"created","shopifyOrderId":"gid://shopify/Order/6567111852250","shopifyOrderName":"SO16205"}
{"timestamp":"2026-05-08T05:27:24.471Z","event":"import_order_started","jobId":"0a0f1e8b-80e0-412b-b42f-b7a258450afe","shopDomain":"quickstart-19e57924.myshopify.com","orderReference":"SO16204"}
{"timestamp":"2026-05-08T05:27:25.773Z","event":"shopify_order_create_pacing_wait","jobId":"0a0f1e8b-80e0-412b-b42f-b7a258450afe","shopDomain":"quickstart-19e57924.myshopify.com","orderReference":"SO16204","waitMs":2386}
{"timestamp":"2026-05-08T05:27:29.508Z","event":"import_order_completed","jobId":"0a0f1e8b-80e0-412b-b42f-b7a258450afe","shopDomain":"quickstart-19e57924.myshopify.com","orderReference":"SO16204","action":"CREATE","status":"created","shopifyOrderId":"gid://shopify/Order/6567111885018","shopifyOrderName":"SO16204"}
{"timestamp":"2026-05-08T05:27:29.510Z","event":"import_order_started","jobId":"0a0f1e8b-80e0-412b-b42f-b7a258450afe","shopDomain":"quickstart-19e57924.myshopify.com","orderReference":"SO16190"}
{"timestamp":"2026-05-08T05:27:30.673Z","event":"shopify_order_create_pacing_wait","jobId":"0a0f1e8b-80e0-412b-b42f-b7a258450afe","shopDomain":"quickstart-19e57924.myshopify.com","orderReference":"SO16190","waitMs":2498}
{"timestamp":"2026-05-08T05:27:34.620Z","event":"import_order_completed","jobId":"0a0f1e8b-80e0-412b-b42f-b7a258450afe","shopDomain":"quickstart-19e57924.myshopify.com","orderReference":"SO16190","action":"CREATE","status":"created","shopifyOrderId":"gid://shopify/Order/6567112016090","shopifyOrderName":"SO16190"}
{"timestamp":"2026-05-08T05:27:34.623Z","event":"import_order_started","jobId":"0a0f1e8b-80e0-412b-b42f-b7a258450afe","shopDomain":"quickstart-19e57924.myshopify.com","orderReference":"SO16171"}
{"timestamp":"2026-05-08T05:27:35.833Z","event":"shopify_order_create_pacing_wait","jobId":"0a0f1e8b-80e0-412b-b42f-b7a258450afe","shopDomain":"quickstart-19e57924.myshopify.com","orderReference":"SO16171","waitMs":2345}
{"timestamp":"2026-05-08T05:27:39.783Z","event":"import_order_completed","jobId":"0a0f1e8b-80e0-412b-b42f-b7a258450afe","shopDomain":"quickstart-19e57924.myshopify.com","orderReference":"SO16171","action":"CREATE","status":"created","shopifyOrderId":"gid://shopify/Order/6567112147162","shopifyOrderName":"SO16171"}
{"timestamp":"2026-05-08T05:27:39.786Z","event":"import_order_started","jobId":"0a0f1e8b-80e0-412b-b42f-b7a258450afe","shopDomain":"quickstart-19e57924.myshopify.com","orderReference":"SO16200"}
{"timestamp":"2026-05-08T05:27:41.002Z","event":"shopify_order_create_pacing_wait","jobId":"0a0f1e8b-80e0-412b-b42f-b7a258450afe","shopDomain":"quickstart-19e57924.myshopify.com","orderReference":"SO16200","waitMs":2181}
{"timestamp":"2026-05-08T05:27:44.436Z","event":"import_order_completed","jobId":"0a0f1e8b-80e0-412b-b42f-b7a258450afe","shopDomain":"quickstart-19e57924.myshopify.com","orderReference":"SO16200","action":"CREATE","status":"created","shopifyOrderId":"gid://shopify/Order/6567112212698","shopifyOrderName":"SO16200"}
{"timestamp":"2026-05-08T05:27:44.439Z","event":"import_order_started","jobId":"0a0f1e8b-80e0-412b-b42f-b7a258450afe","shopDomain":"quickstart-19e57924.myshopify.com","orderReference":"SO16203"}
{"timestamp":"2026-05-08T05:27:45.602Z","event":"shopify_order_create_pacing_wait","jobId":"0a0f1e8b-80e0-412b-b42f-b7a258450afe","shopDomain":"quickstart-19e57924.myshopify.com","orderReference":"SO16203","waitMs":2585}
{"timestamp":"2026-05-08T05:27:48.586Z","event":"shopify_order_create_user_errors","shopDomain":"quickstart-19e57924.myshopify.com","action":"CREATE_ORDER","jobId":"0a0f1e8b-80e0-412b-b42f-b7a258450afe","orderReference":"SO16203","userErrors":[{"field":null,"message":"Too many attempts. Please try again later."}]}
{"timestamp":"2026-05-08T05:27:48.588Z","event":"shopify_throttle_retry_wait","jobId":"0a0f1e8b-80e0-412b-b42f-b7a258450afe","shopDomain":"quickstart-19e57924.myshopify.com","orderReference":"SO16203","action":"CREATE_ORDER","attempt":1,"nextAttempt":2,"waitMs":65000,"httpStatus":null,"retryAfterSeconds":null,"message":"Too many attempts. Please try again later."}
{"timestamp":"2026-05-08T05:28:55.191Z","event":"import_order_completed","jobId":"0a0f1e8b-80e0-412b-b42f-b7a258450afe","shopDomain":"quickstart-19e57924.myshopify.com","orderReference":"SO16203","action":"CREATE","status":"created","shopifyOrderId":"gid://shopify/Order/6567113130202","shopifyOrderName":"SO16203"}
{"timestamp":"2026-05-08T05:28:55.193Z","event":"import_order_started","jobId":"0a0f1e8b-80e0-412b-b42f-b7a258450afe","shopDomain":"quickstart-19e57924.myshopify.com","orderReference":"SO16202"}
{"timestamp":"2026-05-08T05:28:56.328Z","event":"shopify_order_create_pacing_wait","jobId":"0a0f1e8b-80e0-412b-b42f-b7a258450afe","shopDomain":"quickstart-19e57924.myshopify.com","orderReference":"SO16202","waitMs":2270}
{"timestamp":"2026-05-08T05:29:00.088Z","event":"import_order_completed","jobId":"0a0f1e8b-80e0-412b-b42f-b7a258450afe","shopDomain":"quickstart-19e57924.myshopify.com","orderReference":"SO16202","action":"CREATE","status":"created","shopifyOrderId":"gid://shopify/Order/6567113228506","shopifyOrderName":"SO16202"}
{"timestamp":"2026-05-08T05:29:00.090Z","event":"import_order_started","jobId":"0a0f1e8b-80e0-412b-b42f-b7a258450afe","shopDomain":"quickstart-19e57924.myshopify.com","orderReference":"SO16201"}
{"timestamp":"2026-05-08T05:29:01.264Z","event":"shopify_order_create_pacing_wait","jobId":"0a0f1e8b-80e0-412b-b42f-b7a258450afe","shopDomain":"quickstart-19e57924.myshopify.com","orderReference":"SO16201","waitMs":2347}
{"timestamp":"2026-05-08T05:29:05.157Z","event":"import_order_completed","jobId":"0a0f1e8b-80e0-412b-b42f-b7a258450afe","shopDomain":"quickstart-19e57924.myshopify.com","orderReference":"SO16201","action":"CREATE","status":"created","shopifyOrderId":"gid://shopify/Order/6567113261274","shopifyOrderName":"SO16201"}
{"timestamp":"2026-05-08T05:29:05.160Z","event":"import_order_started","jobId":"0a0f1e8b-80e0-412b-b42f-b7a258450afe","shopDomain":"quickstart-19e57924.myshopify.com","orderReference":"SO16199"}
{"timestamp":"2026-05-08T05:29:07.355Z","event":"shopify_order_create_pacing_wait","jobId":"0a0f1e8b-80e0-412b-b42f-b7a258450afe","shopDomain":"quickstart-19e57924.myshopify.com","orderReference":"SO16199","waitMs":1265}
{"timestamp":"2026-05-08T05:29:10.558Z","event":"import_order_completed","jobId":"0a0f1e8b-80e0-412b-b42f-b7a258450afe","shopDomain":"quickstart-19e57924.myshopify.com","orderReference":"SO16199","action":"CREATE","status":"created","shopifyOrderId":"gid://shopify/Order/6567113392346","shopifyOrderName":"SO16199"}
{"timestamp":"2026-05-08T05:29:10.561Z","event":"import_order_started","jobId":"0a0f1e8b-80e0-412b-b42f-b7a258450afe","shopDomain":"quickstart-19e57924.myshopify.com","orderReference":"SO16198"}
{"timestamp":"2026-05-08T05:29:11.722Z","event":"shopify_order_create_pacing_wait","jobId":"0a0f1e8b-80e0-412b-b42f-b7a258450afe","shopDomain":"quickstart-19e57924.myshopify.com","orderReference":"SO16198","waitMs":1912}
{"timestamp":"2026-05-08T05:29:15.156Z","event":"import_order_completed","jobId":"0a0f1e8b-80e0-412b-b42f-b7a258450afe","shopDomain":"quickstart-19e57924.myshopify.com","orderReference":"SO16198","action":"CREATE","status":"created","shopifyOrderId":"gid://shopify/Order/6567113523418","shopifyOrderName":"SO16198"}
{"timestamp":"2026-05-08T05:29:15.159Z","event":"import_order_started","jobId":"0a0f1e8b-80e0-412b-b42f-b7a258450afe","shopDomain":"quickstart-19e57924.myshopify.com","orderReference":"SO16197"}
{"timestamp":"2026-05-08T05:29:16.544Z","event":"shopify_order_create_pacing_wait","jobId":"0a0f1e8b-80e0-412b-b42f-b7a258450afe","shopDomain":"quickstart-19e57924.myshopify.com","orderReference":"SO16197","waitMs":2102}
{"timestamp":"2026-05-08T05:29:19.040Z","event":"shopify_order_create_user_errors","shopDomain":"quickstart-19e57924.myshopify.com","action":"CREATE_ORDER","jobId":"0a0f1e8b-80e0-412b-b42f-b7a258450afe","orderReference":"SO16197","userErrors":[{"field":null,"message":"Too many attempts. Please try again later."}]}
{"timestamp":"2026-05-08T05:29:19.043Z","event":"shopify_throttle_retry_wait","jobId":"0a0f1e8b-80e0-412b-b42f-b7a258450afe","shopDomain":"quickstart-19e57924.myshopify.com","orderReference":"SO16197","action":"CREATE_ORDER","attempt":1,"nextAttempt":2,"waitMs":65000,"httpStatus":null,"retryAfterSeconds":null,"message":"Too many attempts. Please try again later."}
{"timestamp":"2026-05-08T05:30:25.588Z","event":"import_order_completed","jobId":"0a0f1e8b-80e0-412b-b42f-b7a258450afe","shopDomain":"quickstart-19e57924.myshopify.com","orderReference":"SO16197","action":"CREATE","status":"created","shopifyOrderId":"gid://shopify/Order/6567114244314","shopifyOrderName":"SO16197"}
{"timestamp":"2026-05-08T05:30:25.590Z","event":"import_order_started","jobId":"0a0f1e8b-80e0-412b-b42f-b7a258450afe","shopDomain":"quickstart-19e57924.myshopify.com","orderReference":"SO16196"}
{"timestamp":"2026-05-08T05:30:26.779Z","event":"shopify_order_create_pacing_wait","jobId":"0a0f1e8b-80e0-412b-b42f-b7a258450afe","shopDomain":"quickstart-19e57924.myshopify.com","orderReference":"SO16196","waitMs":2265}
{"timestamp":"2026-05-08T05:30:30.664Z","event":"import_order_completed","jobId":"0a0f1e8b-80e0-412b-b42f-b7a258450afe","shopDomain":"quickstart-19e57924.myshopify.com","orderReference":"SO16196","action":"CREATE","status":"created","shopifyOrderId":"gid://shopify/Order/6567114342618","shopifyOrderName":"SO16196"}
{"timestamp":"2026-05-08T05:30:30.668Z","event":"import_order_started","jobId":"0a0f1e8b-80e0-412b-b42f-b7a258450afe","shopDomain":"quickstart-19e57924.myshopify.com","orderReference":"SO16195"}
{"timestamp":"2026-05-08T05:30:31.874Z","event":"shopify_order_create_pacing_wait","jobId":"0a0f1e8b-80e0-412b-b42f-b7a258450afe","shopDomain":"quickstart-19e57924.myshopify.com","orderReference":"SO16195","waitMs":2183}
{"timestamp":"2026-05-08T05:30:34.705Z","event":"server_started","url":"http://127.0.0.1:3456","apiVersion":"2026-04"}
{"timestamp":"2026-05-08T05:31:02.397Z","event":"import_job_started","jobId":"0a0f1e8b-80e0-412b-b42f-b7a258450afe","shopDomain":"quickstart-19e57924.myshopify.com","uploadedCsvBytes":39423,"batchLabel":"Batch 1"}
{"timestamp":"2026-05-08T05:31:02.403Z","event":"import_job_failed","jobId":"0a0f1e8b-80e0-412b-b42f-b7a258450afe","shopDomain":"quickstart-19e57924.myshopify.com","message":"Enter a valid Shopify Admin API access token."}
{"timestamp":"2026-05-08T05:31:23.663Z","event":"import_job_started","jobId":"0a0f1e8b-80e0-412b-b42f-b7a258450afe","shopDomain":"quickstart-19e57924.myshopify.com","uploadedCsvBytes":39423,"batchLabel":"Batch 1"}
{"timestamp":"2026-05-08T05:31:24.098Z","event":"import_job_prepared","jobId":"0a0f1e8b-80e0-412b-b42f-b7a258450afe","shopDomain":"quickstart-19e57924.myshopify.com","totalOrders":51,"pendingOrders":1,"alreadyProcessedOrders":50,"requestedOrders":51,"batchLabel":"Batch 1","stats":{"ordersParsed":51,"matrixifyRowsWritten":118,"ordersWithMissingTotal":4,"ordersWithNormalizedPhone":47,"ordersWithQuantityAssumptions":0}}
{"timestamp":"2026-05-08T05:31:24.101Z","event":"import_order_started","jobId":"0a0f1e8b-80e0-412b-b42f-b7a258450afe","shopDomain":"quickstart-19e57924.myshopify.com","orderReference":"SO16195"}
{"timestamp":"2026-05-08T05:31:26.961Z","event":"import_order_completed","jobId":"0a0f1e8b-80e0-412b-b42f-b7a258450afe","shopDomain":"quickstart-19e57924.myshopify.com","orderReference":"SO16195","action":"CREATE","status":"created","shopifyOrderId":"gid://shopify/Order/6567115161818","shopifyOrderName":"SO16195"}
{"timestamp":"2026-05-08T05:31:26.965Z","event":"import_job_completed","jobId":"0a0f1e8b-80e0-412b-b42f-b7a258450afe","shopDomain":"quickstart-19e57924.myshopify.com","summary":{"totalOrders":51,"processedOrders":51,"createdOrders":50,"updatedOrders":0,"failedOrders":1}}
{"timestamp":"2026-05-08T05:33:23.559Z","event":"server_started","url":"http://127.0.0.1:3456","apiVersion":"2026-04"}
{"timestamp":"2026-05-08T05:34:58.272Z","event":"persisted_import_data_cleared","jobsDir":"E:\\oddo_to_shopify\\jobs","importPlansDir":"E:\\oddo_to_shopify\\import-plans"}
{"timestamp":"2026-05-08T05:36:34.956Z","event":"import_plan_saved","importPlanId":"efb515ca-bc0a-49d3-8994-dda809972010","sourceFileName":"sale.order.csv","csvBytes":46915,"totalOrders":51,"batchCount":1}
{"timestamp":"2026-05-08T05:37:07.478Z","event":"persisted_import_data_cleared","jobsDir":"E:\\oddo_to_shopify\\jobs","importPlansDir":"E:\\oddo_to_shopify\\import-plans"}
{"timestamp":"2026-05-08T05:37:17.829Z","event":"persisted_import_data_cleared","jobsDir":"E:\\oddo_to_shopify\\jobs","importPlansDir":"E:\\oddo_to_shopify\\import-plans"}
{"timestamp":"2026-05-08T05:59:43.810Z","event":"server_started","url":"http://127.0.0.1:3456","apiVersion":"2026-04"}
{"timestamp":"2026-05-08T06:11:38.338Z","event":"server_started","url":"http://127.0.0.1:3456","apiVersion":"2026-04"}
{"timestamp":"2026-05-08T06:19:44.056Z","event":"server_started","url":"http://127.0.0.1:3456","apiVersion":"2026-04"}
{"timestamp":"2026-05-08T06:31:39.909Z","event":"server_started","url":"http://127.0.0.1:3456","apiVersion":"2026-04"}
